<?xml version="1.0" encoding="UTF-8"?><testsuite errors="1" failures="0" name="Quiero expedir una nueva póliza en Gsp C2" skipped="0" tests="1" time="71.91" timestamp="2019-04-09 09:10:09"><testcase name="Expedición de pólizas en Gsp C2"><error message="Arity mismatch: Step Definition 'com.qvision.metlife.stepsdefinitions.ExpedicionPolizasGspStepsDefinitionsC2.creeUnaNuevaSolicitud() in file:/C:/Users/Usuario/eclipse2019-workspace/AutomatizacionMetLifeGspSgs/bin/test/' with pattern [^Cree una nueva solicitud C2$] is declared with 0 parameters. However, the gherkin step has 1 arguments [Table:[[paisNacimiento, deptoNacimiento, ciudadNacimiento, ciudadanoEU, poderTranferenciaEU, comunicacionMetLife, infoAdicional1, infoAdicional2, infoAdicional3], [COLOMBIA, CUNDINAMARCA, BOGOTA D.C., NO, NO, SI, NO, NO, NO]]]. &#10;Step text: Cree una nueva solicitud C2" type="cucumber.runtime.CucumberException">Arity mismatch: Step Definition 'com.qvision.metlife.stepsdefinitions.ExpedicionPolizasGspStepsDefinitionsC2.creeUnaNuevaSolicitud() in file:/C:/Users/Usuario/eclipse2019-workspace/AutomatizacionMetLifeGspSgs/bin/test/' with pattern [^Cree una nueva solicitud C2$] is declared with 0 parameters. However, the gherkin step has 1 arguments [Table:[[paisNacimiento, deptoNacimiento, ciudadNacimiento, ciudadanoEU, poderTranferenciaEU, comunicacionMetLife, infoAdicional1, infoAdicional2, infoAdicional3], [COLOMBIA, CUNDINAMARCA, BOGOTA D.C., NO, NO, SI, NO, NO, NO]]]. 
Step text: Cree una nueva solicitud C2</error><system-err>Arity mismatch: Step Definition 'com.qvision.metlife.stepsdefinitions.ExpedicionPolizasGspStepsDefinitionsC2.creeUnaNuevaSolicitud() in file:/C:/Users/Usuario/eclipse2019-workspace/AutomatizacionMetLifeGspSgs/bin/test/' with pattern [^Cree una nueva solicitud C2$] is declared with 0 parameters. However, the gherkin step has 1 arguments [Table:[[paisNacimiento, deptoNacimiento, ciudadNacimiento, ciudadanoEU, poderTranferenciaEU, comunicacionMetLife, infoAdicional1, infoAdicional2, infoAdicional3], [COLOMBIA, CUNDINAMARCA, BOGOTA D.C., NO, NO, SI, NO, NO, NO]]]. 
Step text: Cree una nueva solicitud C2&#13;
cucumber.runner.Runner.runPickle(Runner.java:80)&#13;
org.eclipse.jdt.internal.junit4.runner.JUnit4TestReference.run(JUnit4TestReference.java:89)&#13;
org.eclipse.jdt.internal.junit.runner.TestExecution.run(TestExecution.java:41)&#13;
org.eclipse.jdt.internal.junit.runner.RemoteTestRunner.runTests(RemoteTestRunner.java:541)&#13;
org.eclipse.jdt.internal.junit.runner.RemoteTestRunner.runTests(RemoteTestRunner.java:763)&#13;
org.eclipse.jdt.internal.junit.runner.RemoteTestRunner.run(RemoteTestRunner.java:463)&#13;
org.eclipse.jdt.internal.junit.runner.RemoteTestRunner.main(RemoteTestRunner.java:209)&#13;
</system-err></testcase></testsuite>